#
# A fatal error has been detected by the Java Runtime Environment:
#
#  EXCEPTION_ACCESS_VIOLATION (0xc0000005) at pc=0x00007ffb90796580, pid=1572, tid=0x00000000000035d0
#
# JRE version: Java(TM) SE Runtime Environment (8.0_271-b09) (build 1.8.0_271-b09)
# Java VM: Java HotSpot(TM) 64-Bit Server VM (25.271-b09 mixed mode windows-amd64 compressed oops)
# Problematic frame:
# C  [glass.dll+0x26580]
#
# Failed to write core dump. Minidumps are not enabled by default on client versions of Windows
#
# If you would like to submit a bug report, please visit:
#   http://bugreport.java.com/bugreport/crash.jsp
#

---------------  T H R E A D  ---------------

Current thread (0x000001e5fd599000):  VMThread [stack: 0x0000004b64900000,0x0000004b64a00000] [id=13776]

siginfo: ExceptionCode=0xc0000005, reading address 0x0000000000000000

Registers:
RAX=0x0000000000000000, RBX=0x000001e5800990a8, RCX=0x000001e5fd599000, RDX=0x000000005c2416b0
RSP=0x0000004b649fed30, RBP=0x000001e5800bf488, RSI=0x000001e5800bf460, RDI=0x0000ca95576d7a2c
R8 =0x0000000000010002, R9 =0x0000ca95576d7a2c, R10=0x0000000000008000, R11=0x0000004b649fecd0
R12=0x00007ffb907939e4, R13=0x000001e5e29ed0b0, R14=0x0000004b649fee38, R15=0x000001e5800bf460
RIP=0x00007ffb90796580, EFLAGS=0x0000000000010206

Top of Stack: (sp=0x0000004b649fed30)
0x0000004b649fed30:   0000000000000000 00007ffbb5fcf05b
0x0000004b649fed40:   000001e5800bf470 000001e5800bf460
0x0000004b649fed50:   fffffffffffffffe 00007ffb907939e4
0x0000004b649fed60:   000001e5800bf468 00007ffbb5fd42d6
0x0000004b649fed70:   000001e5800bf470 000001e500000000
0x0000004b649fed80:   000001e5800bf488 000001e5800bf460
0x0000004b649fed90:   fffffffffffffffe 0000000000000000
0x0000004b649feda0:   0000000000000001 00007ffb90770000
0x0000004b649fedb0:   0000004b649fee28 00007ffbb5fd41fb
0x0000004b649fedc0:   0000000000000000 0000004b649fee38
0x0000004b649fedd0:   0000004b649ff0f0 00007ffbb60b0e40
0x0000004b649fede0:   0000000000000000 00007ffbb5fd41b4
0x0000004b649fedf0:   0000000000000000 0000000000000001
0x0000004b649fee00:   0000000000000001 0000004b649fee28
0x0000004b649fee10:   0000000000000000 00007ffb90793872
0x0000004b649fee20:   00007ffb907ad128 0000004b00000002 

Instructions: (pc=0x00007ffb90796580)
0x00007ffb90796560:   40 53 48 83 ec 30 48 c7 44 24 20 fe ff ff ff 48
0x00007ffb90796570:   8b 1d aa 65 01 00 48 85 db 74 16 e8 f0 85 ff ff
0x00007ffb90796580:   4c 8b 00 48 8b d3 48 8b c8 41 ff 90 b0 00 00 00
0x00007ffb90796590:   90 48 83 c4 30 5b c3 cc cc cc cc cc cc cc cc cc 


Register to memory mapping:

RAX=0x0000000000000000 is an unknown value
RBX=0x000001e5800990a8 is a global jni handle
RCX=0x000001e5fd599000 is an unknown value
RDX=0x000000005c2416b0 is an unknown value
RSP=0x0000004b649fed30 is an unknown value
RBP=0x000001e5800bf488 is an unknown value
RSI=0x000001e5800bf460 is an unknown value
RDI=0x0000ca95576d7a2c is an unknown value
R8 =0x0000000000010002 is an unknown value
R9 =0x0000ca95576d7a2c is an unknown value
R10=0x0000000000008000 is an unknown value
R11=0x0000004b649fecd0 is an unknown value
R12=0x00007ffb907939e4 is an unknown value
R13=0x000001e5e29ed0b0 is an unknown value
R14=0x0000004b649fee38 is an unknown value
R15=0x000001e5800bf460 is an unknown value


Stack: [0x0000004b64900000,0x0000004b64a00000],  sp=0x0000004b649fed30,  free space=1019k
Native frames: (J=compiled Java code, j=interpreted, Vv=VM code, C=native code)
C  [glass.dll+0x26580]
C  [ucrtbase.dll+0x142d6]
C  [ucrtbase.dll+0x141fb]
C  [ucrtbase.dll+0x141b4]
C  [glass.dll+0x23872]
C  [glass.dll+0x23998]
C  [ntdll.dll+0x19a1d]
C  [ntdll.dll+0x5db91]
C  [ntdll.dll+0x5da2d]
C  [KERNEL32.DLL+0x1e0ab]
C  [ucrtbase.dll+0x205bc]
C  [ucrtbase.dll+0x2045f]
V  [jvm.dll+0x21b365]
V  [jvm.dll+0x255ff6]
V  [jvm.dll+0x256557]
V  [jvm.dll+0x254cc5]
V  [jvm.dll+0x25543c]
V  [jvm.dll+0x25574c]
V  [jvm.dll+0x2a2dcc]
C  [ucrtbase.dll+0x21bb2]
C  [KERNEL32.DLL+0x17034]
C  [ntdll.dll+0x52651]

VM_Operation (0x0000004b657f9a40): Exit, mode: safepoint, requested by thread 0x000001e580193000


---------------  P R O C E S S  ---------------

Java Threads: ( => current thread )
  0x000001e5ffe27000 JavaThread "Timer-0" daemon [_thread_blocked, id=11140, stack(0x0000004b65fb0000,0x0000004b660b0000)]
  0x000001e58076c800 JavaThread "Prism Font Disposer" daemon [_thread_blocked, id=4816, stack(0x0000004b65e00000,0x0000004b65f00000)]
  0x000001e580517800 JavaThread "Thread-3" daemon [_thread_in_native, id=9000, stack(0x0000004b65900000,0x0000004b65a00000)]
  0x000001e580566800 JavaThread "JavaFX-Launcher" [_thread_blocked, id=6004, stack(0x0000004b65a00000,0x0000004b65b00000)]
  0x000001e580193000 JavaThread "JavaFX Application Thread" [_thread_blocked, id=8296, stack(0x0000004b65700000,0x0000004b65800000)]
  0x000001e58018c800 JavaThread "Thread-1" daemon [_thread_blocked, id=8156, stack(0x0000004b65600000,0x0000004b65700000)]
  0x000001e58008b800 JavaThread "QuantumRenderer-0" daemon [_thread_blocked, id=868, stack(0x0000004b65400000,0x0000004b65500000)]
  0x000001e5ffb0c000 JavaThread "Service Thread" daemon [_thread_blocked, id=7248, stack(0x0000004b65200000,0x0000004b65300000)]
  0x000001e5fd606800 JavaThread "C1 CompilerThread3" daemon [_thread_blocked, id=2860, stack(0x0000004b65100000,0x0000004b65200000)]
  0x000001e5fd601000 JavaThread "C2 CompilerThread2" daemon [_thread_blocked, id=2908, stack(0x0000004b65000000,0x0000004b65100000)]
  0x000001e5fd5fa800 JavaThread "C2 CompilerThread1" daemon [_thread_blocked, id=3640, stack(0x0000004b64f00000,0x0000004b65000000)]
  0x000001e5fd5f6000 JavaThread "C2 CompilerThread0" daemon [_thread_blocked, id=6148, stack(0x0000004b64e00000,0x0000004b64f00000)]
  0x000001e5fd5f5000 JavaThread "Attach Listener" daemon [_thread_blocked, id=5752, stack(0x0000004b64d00000,0x0000004b64e00000)]
  0x000001e5fd5f0800 JavaThread "Signal Dispatcher" daemon [_thread_blocked, id=13204, stack(0x0000004b64c00000,0x0000004b64d00000)]
  0x000001e5fd5ca000 JavaThread "Finalizer" daemon [_thread_blocked, id=13668, stack(0x0000004b64b00000,0x0000004b64c00000)]
  0x000001e5fd5c3000 JavaThread "Reference Handler" daemon [_thread_blocked, id=8020, stack(0x0000004b64a00000,0x0000004b64b00000)]
  0x000001e5e2931000 JavaThread "main" [_thread_blocked, id=2216, stack(0x0000004b63e00000,0x0000004b63f00000)]

Other Threads:
=>0x000001e5fd599000 VMThread [stack: 0x0000004b64900000,0x0000004b64a00000] [id=13776]

VM state:at safepoint (shutting down)

VM Mutex/Monitor currently owned by a thread:  ([mutex/lock_event])
[0x000001e5e292e120] Threads_lock - owner thread: 0x000001e5fd599000

heap address: 0x00000006c0c00000, size: 4084 MB, Compressed Oops mode: Zero based, Oop shift amount: 3
Narrow klass base: 0x0000000000000000, Narrow klass shift: 3
Compressed class space size: 1073741824 Address: 0x00000007c0000000

Heap:
 PSYoungGen      total 76288K, used 49561K [0x000000076af00000, 0x0000000770400000, 0x00000007c0000000)
  eden space 65536K, 75% used [0x000000076af00000,0x000000076df667a0,0x000000076ef00000)
  from space 10752K, 0% used [0x000000076ef00000,0x000000076ef00000,0x000000076f980000)
  to   space 10752K, 0% used [0x000000076f980000,0x000000076f980000,0x0000000770400000)
 ParOldGen       total 81408K, used 11939K [0x00000006c0c00000, 0x00000006c5b80000, 0x000000076af00000)
  object space 81408K, 14% used [0x00000006c0c00000,0x00000006c17a8f70,0x00000006c5b80000)
 Metaspace       used 23185K, capacity 23904K, committed 24064K, reserved 1071104K
  class space    used 2852K, capacity 3040K, committed 3072K, reserved 1048576K

Card table byte_map: [0x000001e5f35e0000,0x000001e5f3de0000] byte_map_base: 0x000001e5effda000

Marking Bits: (ParMarkBitMap*) 0x000000005c437fe0
 Begin Bits: [0x000001e5f4340000, 0x000001e5f8310000)
 End Bits:   [0x000001e5f8310000, 0x000001e5fc2e0000)

Polling page: 0x000001e5e41f0000

CodeCache: size=245760Kb used=9433Kb max_used=9433Kb free=236326Kb
 bounds [0x000001e5e4220000, 0x000001e5e4b60000, 0x000001e5f3220000]
 total_blobs=3831 nmethods=3081 adapters=663
 compilation: enabled

Compilation events (10 events):
Event: 17.524 Thread 0x000001e5fd606800 3078       3       java.lang.invoke.MemberName::isField (7 bytes)
Event: 17.524 Thread 0x000001e5fd606800 nmethod 3078 0x000001e5e4b42910 code [0x000001e5e4b42a80, 0x000001e5e4b42cf8]
Event: 17.524 Thread 0x000001e5fd606800 3079       3       java.lang.invoke.DirectMethodHandle::maybeCompile (18 bytes)
Event: 17.524 Thread 0x000001e5fd606800 nmethod 3079 0x000001e5e4b423d0 code [0x000001e5e4b42540, 0x000001e5e4b427e0]
Event: 17.524 Thread 0x000001e5fd606800 3080       3       java.lang.invoke.DirectMethodHandle::<init> (132 bytes)
Event: 17.526 Thread 0x000001e5fd606800 nmethod 3080 0x000001e5e4b5a590 code [0x000001e5e4b5a840, 0x000001e5e4b5c0a0]
Event: 17.526 Thread 0x000001e5fd606800 3081       1       java.util.logging.LogManager::access$500 (5 bytes)
Event: 17.526 Thread 0x000001e5fd606800 nmethod 3081 0x000001e5e4b42110 code [0x000001e5e4b42260, 0x000001e5e4b42358]
Event: 17.526 Thread 0x000001e5fd606800 3082       3       java.util.concurrent.atomic.AtomicInteger::incrementAndGet (14 bytes)
Event: 17.526 Thread 0x000001e5fd606800 nmethod 3082 0x000001e5e4b41dd0 code [0x000001e5e4b41f20, 0x000001e5e4b42078]

GC Heap History (4 events):
Event: 8.402 GC heap before
{Heap before GC invocations=1 (full 0):
 PSYoungGen      total 76288K, used 54697K [0x000000076af00000, 0x0000000770400000, 0x00000007c0000000)
  eden space 65536K, 83% used [0x000000076af00000,0x000000076e46a7b0,0x000000076ef00000)
  from space 10752K, 0% used [0x000000076f980000,0x000000076f980000,0x0000000770400000)
  to   space 10752K, 0% used [0x000000076ef00000,0x000000076ef00000,0x000000076f980000)
 ParOldGen       total 175104K, used 0K [0x00000006c0c00000, 0x00000006cb700000, 0x000000076af00000)
  object space 175104K, 0% used [0x00000006c0c00000,0x00000006c0c00000,0x00000006cb700000)
 Metaspace       used 20472K, capacity 21122K, committed 21296K, reserved 1067008K
  class space    used 2669K, capacity 2869K, committed 2944K, reserved 1048576K
Event: 8.408 GC heap after
Heap after GC invocations=1 (full 0):
 PSYoungGen      total 76288K, used 10743K [0x000000076af00000, 0x0000000770400000, 0x00000007c0000000)
  eden space 65536K, 0% used [0x000000076af00000,0x000000076af00000,0x000000076ef00000)
  from space 10752K, 99% used [0x000000076ef00000,0x000000076f97df78,0x000000076f980000)
  to   space 10752K, 0% used [0x000000076f980000,0x000000076f980000,0x0000000770400000)
 ParOldGen       total 175104K, used 3423K [0x00000006c0c00000, 0x00000006cb700000, 0x000000076af00000)
  object space 175104K, 1% used [0x00000006c0c00000,0x00000006c0f57f78,0x00000006cb700000)
 Metaspace       used 20472K, capacity 21122K, committed 21296K, reserved 1067008K
  class space    used 2669K, capacity 2869K, committed 2944K, reserved 1048576K
}
Event: 8.408 GC heap before
{Heap before GC invocations=2 (full 1):
 PSYoungGen      total 76288K, used 10743K [0x000000076af00000, 0x0000000770400000, 0x00000007c0000000)
  eden space 65536K, 0% used [0x000000076af00000,0x000000076af00000,0x000000076ef00000)
  from space 10752K, 99% used [0x000000076ef00000,0x000000076f97df78,0x000000076f980000)
  to   space 10752K, 0% used [0x000000076f980000,0x000000076f980000,0x0000000770400000)
 ParOldGen       total 175104K, used 3423K [0x00000006c0c00000, 0x00000006cb700000, 0x000000076af00000)
  object space 175104K, 1% used [0x00000006c0c00000,0x00000006c0f57f78,0x00000006cb700000)
 Metaspace       used 20472K, capacity 21122K, committed 21296K, reserved 1067008K
  class space    used 2669K, capacity 2869K, committed 2944K, reserved 1048576K
Event: 8.425 GC heap after
Heap after GC invocations=2 (full 1):
 PSYoungGen      total 76288K, used 0K [0x000000076af00000, 0x0000000770400000, 0x00000007c0000000)
  eden space 65536K, 0% used [0x000000076af00000,0x000000076af00000,0x000000076ef00000)
  from space 10752K, 0% used [0x000000076ef00000,0x000000076ef00000,0x000000076f980000)
  to   space 10752K, 0% used [0x000000076f980000,0x000000076f980000,0x0000000770400000)
 ParOldGen       total 81408K, used 11939K [0x00000006c0c00000, 0x00000006c5b80000, 0x000000076af00000)
  object space 81408K, 14% used [0x00000006c0c00000,0x00000006c17a8f70,0x00000006c5b80000)
 Metaspace       used 20472K, capacity 21122K, committed 21296K, reserved 1067008K
  class space    used 2669K, capacity 2869K, committed 2944K, reserved 1048576K
}

Deoptimization events (10 events):
Event: 8.599 Thread 0x000001e580193000 Uncommon trap: reason=bimorphic action=maybe_recompile pc=0x000001e5e4988754 method=java.util.regex.Pattern$BmpCharProperty.match(Ljava/util/regex/Matcher;ILjava/lang/CharSequence;)Z @ 31
Event: 8.602 Thread 0x000001e580193000 Uncommon trap: reason=unstable_if action=reinterpret pc=0x000001e5e4a07e84 method=java.util.regex.Pattern$BmpCharProperty.match(Ljava/util/regex/Matcher;ILjava/lang/CharSequence;)Z @ 5
Event: 8.603 Thread 0x000001e580193000 Uncommon trap: reason=unstable_if action=reinterpret pc=0x000001e5e4a083e0 method=java.util.regex.Pattern$BitClass.isSatisfiedBy(I)Z @ 13
Event: 8.603 Thread 0x000001e580193000 Uncommon trap: reason=unstable_if action=reinterpret pc=0x000001e5e4a06570 method=java.util.regex.Pattern$BitClass.isSatisfiedBy(I)Z @ 13
Event: 8.625 Thread 0x000001e580193000 Uncommon trap: reason=class_check action=maybe_recompile pc=0x000001e5e49d2120 method=java.lang.AbstractStringBuilder.append(Ljava/lang/CharSequence;II)Ljava/lang/AbstractStringBuilder; @ 18
Event: 8.625 Thread 0x000001e580193000 Uncommon trap: reason=class_check action=maybe_recompile pc=0x000001e5e49d2120 method=java.lang.AbstractStringBuilder.append(Ljava/lang/CharSequence;II)Ljava/lang/AbstractStringBuilder; @ 18
Event: 8.625 Thread 0x000001e580193000 Uncommon trap: reason=class_check action=maybe_recompile pc=0x000001e5e49d2120 method=java.lang.AbstractStringBuilder.append(Ljava/lang/CharSequence;II)Ljava/lang/AbstractStringBuilder; @ 18
Event: 8.625 Thread 0x000001e580193000 Uncommon trap: reason=class_check action=maybe_recompile pc=0x000001e5e49d2120 method=java.lang.AbstractStringBuilder.append(Ljava/lang/CharSequence;II)Ljava/lang/AbstractStringBuilder; @ 18
Event: 8.636 Thread 0x000001e580193000 Uncommon trap: reason=unstable_if action=reinterpret pc=0x000001e5e4a4a994 method=org.hsqldb.index.IndexAVL.hasNulls(Lorg/hsqldb/Session;[Ljava/lang/Object;)Z @ 6
Event: 16.539 Thread 0x000001e580193000 Uncommon trap: reason=unstable_if action=reinterpret pc=0x000001e5e4a4cc94 method=javafx.scene.Node.updateLocalToParentTransform()V @ 4

Classes redefined (0 events):
No events

Internal exceptions (10 events):
Event: 0.105 Thread 0x000001e5e2931000 Exception <a 'java/security/PrivilegedActionException'> (0x000000076b294360) thrown at [C:\jenkins\workspace\8-2-build-windows-amd64-cygwin\jdk8u271\605\hotspot\src\share\vm\prims\jvm.cpp, line 1512]
Event: 0.105 Thread 0x000001e5e2931000 Exception <a 'java/lang/NullPointerException'> (0x000000076b294c88) thrown at [C:\jenkins\workspace\8-2-build-windows-amd64-cygwin\jdk8u271\605\hotspot\src\share\vm\interpreter\linkResolver.cpp, line 1185]
Event: 0.325 Thread 0x000001e580193000 Exception <a 'java/lang/NullPointerException'> (0x000000076bc3abf8) thrown at [C:\jenkins\workspace\8-2-build-windows-amd64-cygwin\jdk8u271\605\hotspot\src\share\vm\interpreter\linkResolver.cpp, line 1185]
Event: 0.325 Thread 0x000001e580193000 Exception <a 'java/lang/NullPointerException'> (0x000000076bc3abf8) thrown at [C:\jenkins\workspace\8-2-build-windows-amd64-cygwin\jdk8u271\605\hotspot\src\share\vm\prims\jvm.cpp, line 1516]
Event: 0.406 Thread 0x000001e580193000 Implicit null exception at 0x000001e5e44a97f5 to 0x000001e5e44a99e5
Event: 0.476 Thread 0x000001e580193000 Exception <a 'java/io/FileNotFoundException'> (0x000000076c5fe840) thrown at [C:\jenkins\workspace\8-2-build-windows-amd64-cygwin\jdk8u271\605\hotspot\src\share\vm\prims\jni.cpp, line 710]
Event: 0.584 Thread 0x000001e580193000 Implicit null exception at 0x000001e5e45a6dc6 to 0x000001e5e45a83ad
Event: 8.085 Thread 0x000001e580193000 Implicit null exception at 0x000001e5e4457294 to 0x000001e5e4457645
Event: 8.233 Thread 0x000001e580193000 Exception <a 'java/lang/NoClassDefFoundError': org/apache/log4j/Category> (0x000000076d5b1b50) thrown at [C:\jenkins\workspace\8-2-build-windows-amd64-cygwin\jdk8u271\605\hotspot\src\share\vm\classfile\systemDictionary.cpp, line 201]
Event: 17.526 Thread 0x000001e589288000 Exception <a 'java/lang/IllegalStateException'> (0x000000076df1acc0) thrown at [C:\jenkins\workspace\8-2-build-windows-amd64-cygwin\jdk8u271\605\hotspot\src\share\vm\prims\jvm.cpp, line 1516]

Events (10 events):
Event: 17.525 Executing VM operation: RevokeBias done
Event: 17.525 loading class com/sun/javafx/tk/quantum/QuantumRenderer
Event: 17.525 loading class com/sun/javafx/tk/quantum/QuantumRenderer done
Event: 17.525 Thread 0x000001e589721000 Thread exited: 0x000001e589721000
Event: 17.526 loading class com/sun/javafx/tk/quantum/QuantumToolkit
Event: 17.526 loading class com/sun/javafx/tk/quantum/QuantumToolkit done
Event: 17.526 loading class com/sun/prism/ResourceFactoryListener
Event: 17.526 loading class com/sun/prism/ResourceFactoryListener done
Event: 17.526 Thread 0x000001e589288000 Thread exited: 0x000001e589288000
Event: 17.526 Executing VM operation: Exit


Dynamic libraries:
0x00007ff66be10000 - 0x00007ff66be57000 	C:\Program Files\Java\jdk1.8.0_271\jre\bin\java.exe
0x00007ffbb8610000 - 0x00007ffbb8805000 	C:\WINDOWS\SYSTEM32\ntdll.dll
0x00007ffbb6680000 - 0x00007ffbb673d000 	C:\WINDOWS\System32\KERNEL32.DLL
0x00007ffbb63a0000 - 0x00007ffbb6669000 	C:\WINDOWS\System32\KERNELBASE.dll
0x00007ffbb68e0000 - 0x00007ffbb698c000 	C:\WINDOWS\System32\ADVAPI32.dll
0x00007ffbb8400000 - 0x00007ffbb849e000 	C:\WINDOWS\System32\msvcrt.dll
0x00007ffbb77c0000 - 0x00007ffbb785c000 	C:\WINDOWS\System32\sechost.dll
0x00007ffbb6ab0000 - 0x00007ffbb6bdb000 	C:\WINDOWS\System32\RPCRT4.dll
0x00007ffbb6740000 - 0x00007ffbb68e0000 	C:\WINDOWS\System32\USER32.dll
0x00007ffbb60f0000 - 0x00007ffbb6112000 	C:\WINDOWS\System32\win32u.dll
0x00007ffbb6be0000 - 0x00007ffbb6c0a000 	C:\WINDOWS\System32\GDI32.dll
0x00007ffbb5eb0000 - 0x00007ffbb5fbb000 	C:\WINDOWS\System32\gdi32full.dll
0x00007ffbb6280000 - 0x00007ffbb631d000 	C:\WINDOWS\System32\msvcp_win.dll
0x00007ffbb5fc0000 - 0x00007ffbb60c0000 	C:\WINDOWS\System32\ucrtbase.dll
0x00007ffbaa930000 - 0x00007ffbaabca000 	C:\WINDOWS\WinSxS\amd64_microsoft.windows.common-controls_6595b64144ccf1df_6.0.19041.844_none_ca00b6081b84eb1d\COMCTL32.dll
0x00007ffbb6a20000 - 0x00007ffbb6a50000 	C:\WINDOWS\System32\IMM32.DLL
0x00007ffbb3200000 - 0x00007ffbb3215000 	C:\Program Files\Java\jdk1.8.0_271\jre\bin\vcruntime140.dll
0x00007ffb9a880000 - 0x00007ffb9a91b000 	C:\Program Files\Java\jdk1.8.0_271\jre\bin\msvcp140.dll
0x000000005bc40000 - 0x000000005c4af000 	C:\Program Files\Java\jdk1.8.0_271\jre\bin\server\jvm.dll
0x00007ffbb6a10000 - 0x00007ffbb6a18000 	C:\WINDOWS\System32\PSAPI.DLL
0x00007ffbb3220000 - 0x00007ffbb3229000 	C:\WINDOWS\SYSTEM32\WSOCK32.dll
0x00007ffbb0360000 - 0x00007ffbb036a000 	C:\WINDOWS\SYSTEM32\VERSION.dll
0x00007ffbace10000 - 0x00007ffbace37000 	C:\WINDOWS\SYSTEM32\WINMM.dll
0x00007ffbb7c40000 - 0x00007ffbb7cab000 	C:\WINDOWS\System32\WS2_32.dll
0x00007ffbb4650000 - 0x00007ffbb4662000 	C:\WINDOWS\SYSTEM32\kernel.appcore.dll
0x00007ffbb31b0000 - 0x00007ffbb31c0000 	C:\Program Files\Java\jdk1.8.0_271\jre\bin\verify.dll
0x00007ffbb3180000 - 0x00007ffbb31ab000 	C:\Program Files\Java\jdk1.8.0_271\jre\bin\java.dll
0x00007ffb9ad30000 - 0x00007ffb9ad48000 	C:\Program Files\Java\jdk1.8.0_271\jre\bin\zip.dll
0x00007ffbb7cb0000 - 0x00007ffbb83f2000 	C:\WINDOWS\System32\SHELL32.dll
0x00007ffbb3be0000 - 0x00007ffbb4370000 	C:\WINDOWS\SYSTEM32\windows.storage.dll
0x00007ffbb78e0000 - 0x00007ffbb7c35000 	C:\WINDOWS\System32\combase.dll
0x00007ffbb57c0000 - 0x00007ffbb57ec000 	C:\WINDOWS\SYSTEM32\Wldp.dll
0x00007ffbb6c10000 - 0x00007ffbb6cbe000 	C:\WINDOWS\System32\SHCORE.dll
0x00007ffbb6cd0000 - 0x00007ffbb6d25000 	C:\WINDOWS\System32\shlwapi.dll
0x00007ffbb5c90000 - 0x00007ffbb5caf000 	C:\WINDOWS\SYSTEM32\profapi.dll
0x000001e5ffea0000 - 0x000001e5ffea3000 	C:\Program Files\Java\jdk1.8.0_271\jre\bin\api-ms-win-core-console-l1-1-0.dll
0x000001e5ffeb0000 - 0x000001e5ffeb3000 	C:\Program Files\Java\jdk1.8.0_271\jre\bin\api-ms-win-core-console-l1-2-0.dll
0x000001e5ffec0000 - 0x000001e5ffec3000 	C:\Program Files\Java\jdk1.8.0_271\jre\bin\api-ms-win-core-datetime-l1-1-0.dll
0x000001e5ffed0000 - 0x000001e5ffed3000 	C:\Program Files\Java\jdk1.8.0_271\jre\bin\api-ms-win-core-debug-l1-1-0.dll
0x000001e5ffee0000 - 0x000001e5ffee3000 	C:\Program Files\Java\jdk1.8.0_271\jre\bin\api-ms-win-core-errorhandling-l1-1-0.dll
0x000001e5ffef0000 - 0x000001e5ffef4000 	C:\Program Files\Java\jdk1.8.0_271\jre\bin\api-ms-win-core-file-l1-1-0.dll
0x000001e5fff00000 - 0x000001e5fff03000 	C:\Program Files\Java\jdk1.8.0_271\jre\bin\api-ms-win-core-file-l1-2-0.dll
0x000001e5fff10000 - 0x000001e5fff13000 	C:\Program Files\Java\jdk1.8.0_271\jre\bin\api-ms-win-core-file-l2-1-0.dll
0x000001e5fff20000 - 0x000001e5fff23000 	C:\Program Files\Java\jdk1.8.0_271\jre\bin\api-ms-win-core-handle-l1-1-0.dll
0x000001e5fff30000 - 0x000001e5fff33000 	C:\Program Files\Java\jdk1.8.0_271\jre\bin\api-ms-win-core-heap-l1-1-0.dll
0x000001e5fff40000 - 0x000001e5fff43000 	C:\Program Files\Java\jdk1.8.0_271\jre\bin\api-ms-win-core-interlocked-l1-1-0.dll
0x000001e5fff50000 - 0x000001e5fff53000 	C:\Program Files\Java\jdk1.8.0_271\jre\bin\api-ms-win-core-libraryloader-l1-1-0.dll
0x000001e5fff60000 - 0x000001e5fff63000 	C:\Program Files\Java\jdk1.8.0_271\jre\bin\api-ms-win-core-localization-l1-2-0.dll
0x000001e5fff70000 - 0x000001e5fff73000 	C:\Program Files\Java\jdk1.8.0_271\jre\bin\api-ms-win-core-memory-l1-1-0.dll
0x000001e5fff80000 - 0x000001e5fff83000 	C:\Program Files\Java\jdk1.8.0_271\jre\bin\api-ms-win-core-namedpipe-l1-1-0.dll
0x000001e5fff90000 - 0x000001e5fff93000 	C:\Program Files\Java\jdk1.8.0_271\jre\bin\api-ms-win-core-processenvironment-l1-1-0.dll
0x000001e5fffa0000 - 0x000001e5fffa3000 	C:\Program Files\Java\jdk1.8.0_271\jre\bin\api-ms-win-core-processthreads-l1-1-0.dll
0x000001e5fffb0000 - 0x000001e5fffb3000 	C:\Program Files\Java\jdk1.8.0_271\jre\bin\api-ms-win-core-processthreads-l1-1-1.dll
0x000001e5fffc0000 - 0x000001e5fffc3000 	C:\Program Files\Java\jdk1.8.0_271\jre\bin\api-ms-win-core-profile-l1-1-0.dll
0x000001e5fffd0000 - 0x000001e5fffd3000 	C:\Program Files\Java\jdk1.8.0_271\jre\bin\api-ms-win-core-rtlsupport-l1-1-0.dll
0x000001e5fffe0000 - 0x000001e5fffe3000 	C:\Program Files\Java\jdk1.8.0_271\jre\bin\api-ms-win-core-string-l1-1-0.dll
0x000001e5ffff0000 - 0x000001e5ffff3000 	C:\Program Files\Java\jdk1.8.0_271\jre\bin\api-ms-win-core-synch-l1-1-0.dll
0x000001e580800000 - 0x000001e580803000 	C:\Program Files\Java\jdk1.8.0_271\jre\bin\api-ms-win-core-synch-l1-2-0.dll
0x000001e580810000 - 0x000001e580813000 	C:\Program Files\Java\jdk1.8.0_271\jre\bin\api-ms-win-core-sysinfo-l1-1-0.dll
0x000001e580820000 - 0x000001e580823000 	C:\Program Files\Java\jdk1.8.0_271\jre\bin\api-ms-win-core-timezone-l1-1-0.dll
0x000001e580830000 - 0x000001e580833000 	C:\Program Files\Java\jdk1.8.0_271\jre\bin\api-ms-win-core-util-l1-1-0.dll
0x000001e580840000 - 0x000001e580843000 	C:\Program Files\Java\jdk1.8.0_271\jre\bin\api-ms-win-crt-conio-l1-1-0.dll
0x000001e580850000 - 0x000001e580854000 	C:\Program Files\Java\jdk1.8.0_271\jre\bin\api-ms-win-crt-convert-l1-1-0.dll
0x000001e580860000 - 0x000001e580863000 	C:\Program Files\Java\jdk1.8.0_271\jre\bin\api-ms-win-crt-environment-l1-1-0.dll
0x000001e580870000 - 0x000001e580873000 	C:\Program Files\Java\jdk1.8.0_271\jre\bin\api-ms-win-crt-filesystem-l1-1-0.dll
0x000001e580880000 - 0x000001e580883000 	C:\Program Files\Java\jdk1.8.0_271\jre\bin\api-ms-win-crt-heap-l1-1-0.dll
0x000001e580890000 - 0x000001e580893000 	C:\Program Files\Java\jdk1.8.0_271\jre\bin\api-ms-win-crt-locale-l1-1-0.dll
0x000001e5808a0000 - 0x000001e5808a5000 	C:\Program Files\Java\jdk1.8.0_271\jre\bin\api-ms-win-crt-math-l1-1-0.dll
0x000001e5808b0000 - 0x000001e5808b5000 	C:\Program Files\Java\jdk1.8.0_271\jre\bin\api-ms-win-crt-multibyte-l1-1-0.dll
0x000001e5808c0000 - 0x000001e5808d0000 	C:\Program Files\Java\jdk1.8.0_271\jre\bin\api-ms-win-crt-private-l1-1-0.dll
0x000001e5808d0000 - 0x000001e5808d3000 	C:\Program Files\Java\jdk1.8.0_271\jre\bin\api-ms-win-crt-process-l1-1-0.dll
0x000001e5808e0000 - 0x000001e5808e4000 	C:\Program Files\Java\jdk1.8.0_271\jre\bin\api-ms-win-crt-runtime-l1-1-0.dll
0x000001e5808f0000 - 0x000001e5808f4000 	C:\Program Files\Java\jdk1.8.0_271\jre\bin\api-ms-win-crt-stdio-l1-1-0.dll
0x000001e580900000 - 0x000001e580904000 	C:\Program Files\Java\jdk1.8.0_271\jre\bin\api-ms-win-crt-string-l1-1-0.dll
0x000001e580910000 - 0x000001e580913000 	C:\Program Files\Java\jdk1.8.0_271\jre\bin\api-ms-win-crt-time-l1-1-0.dll
0x000001e580920000 - 0x000001e580923000 	C:\Program Files\Java\jdk1.8.0_271\jre\bin\api-ms-win-crt-utility-l1-1-0.dll
0x00007ffb80d20000 - 0x00007ffb80e1a000 	C:\Program Files\Java\jdk1.8.0_271\jre\bin\ucrtbase.dll
0x00007ffb9a6d0000 - 0x00007ffb9a6dc000 	C:\Windows\System32\vcruntime140_1.dll
0x00007ffb99f10000 - 0x00007ffb99f33000 	C:\Program Files\Java\jdk1.8.0_271\jre\bin\prism_d3d.dll
0x00007ffbaa3a0000 - 0x00007ffbaa56f000 	C:\WINDOWS\system32\d3d9.dll
0x00007ffbb3640000 - 0x00007ffbb366f000 	C:\WINDOWS\SYSTEM32\dwmapi.dll
0x00007ffbb34a0000 - 0x00007ffbb353e000 	C:\WINDOWS\system32\uxtheme.dll
0x00007ffbad390000 - 0x00007ffbad492000 	C:\WINDOWS\System32\DriverStore\FileRepository\nv_dispi.inf_amd64_1c83a5d7cffd7bff\nvldumdx.dll
0x00007ffbb5940000 - 0x00007ffbb5952000 	C:\WINDOWS\SYSTEM32\msasn1.dll
0x00007ffbafee0000 - 0x00007ffbaff11000 	C:\WINDOWS\SYSTEM32\cryptnet.dll
0x00007ffbb6120000 - 0x00007ffbb627f000 	C:\WINDOWS\System32\CRYPT32.dll
0x00007ffbb5710000 - 0x00007ffbb571c000 	C:\WINDOWS\SYSTEM32\cryptbase.dll
0x00007ffbb5e50000 - 0x00007ffbb5eb0000 	C:\WINDOWS\System32\WINTRUST.DLL
0x00007ffbb6990000 - 0x00007ffbb69ad000 	C:\WINDOWS\System32\imagehlp.dll
0x00007ffbb5720000 - 0x00007ffbb5738000 	C:\WINDOWS\SYSTEM32\CRYPTSP.dll
0x00007ffbb4e70000 - 0x00007ffbb4ea4000 	C:\WINDOWS\system32\rsaenh.dll
0x00007ffbb60c0000 - 0x00007ffbb60e7000 	C:\WINDOWS\System32\bcrypt.dll
0x00007ffbb6320000 - 0x00007ffbb63a0000 	C:\WINDOWS\System32\bcryptPrimitives.dll
0x00007ffb730a0000 - 0x00007ffb74abb000 	C:\WINDOWS\System32\DriverStore\FileRepository\nv_dispi.inf_amd64_1c83a5d7cffd7bff\nvd3dumx.dll
0x00007ffb90770000 - 0x00007ffb907b5000 	C:\Program Files\Java\jdk1.8.0_271\jre\bin\glass.dll
0x00007ffbb6d30000 - 0x00007ffbb6e0a000 	C:\WINDOWS\System32\COMDLG32.dll
0x00007ffbb84a0000 - 0x00007ffbb85ca000 	C:\WINDOWS\System32\ole32.dll
0x00007ffbb75b0000 - 0x00007ffbb767d000 	C:\WINDOWS\System32\OLEAUT32.dll
0x00007ffbb7490000 - 0x00007ffbb75a5000 	C:\WINDOWS\System32\MSCTF.dll
0x00007ffbb4670000 - 0x00007ffbb4693000 	C:\WINDOWS\SYSTEM32\gpapi.dll
0x00007ffbb0b60000 - 0x00007ffbb0b9b000 	C:\WINDOWS\SYSTEM32\dxcore.dll
0x00007ffbb5d50000 - 0x00007ffbb5d9e000 	C:\WINDOWS\System32\cfgmgr32.dll
0x00007ffb9a0b0000 - 0x00007ffb9a0c4000 	C:\Program Files\Java\jdk1.8.0_271\jre\bin\javafx_font.dll
0x00007ffb93300000 - 0x00007ffb9357f000 	C:\WINDOWS\SYSTEM32\dwrite.dll
0x00007ffbb7680000 - 0x00007ffbb7729000 	C:\WINDOWS\System32\clbcatq.dll
0x00007ffbafd20000 - 0x00007ffbafed4000 	C:\WINDOWS\SYSTEM32\WindowsCodecs.dll
0x00007ffb946b0000 - 0x00007ffb946ee000 	C:\WINDOWS\system32\dataexchange.dll
0x00007ffbb1cb0000 - 0x00007ffbb1f14000 	C:\WINDOWS\system32\d3d11.dll
0x00007ffbb2500000 - 0x00007ffbb26e7000 	C:\WINDOWS\system32\dcomp.dll
0x00007ffbb46a0000 - 0x00007ffbb4793000 	C:\WINDOWS\system32\dxgi.dll
0x00007ffbaffb0000 - 0x00007ffbb01b1000 	C:\WINDOWS\system32\twinapi.appcore.dll
0x00007ffb968d0000 - 0x00007ffb96904000 	C:\Program Files\Common Files\Microsoft Shared\Ink\rtscom.dll
0x00007ffb97820000 - 0x00007ffb9791b000 	C:\WINDOWS\SYSTEM32\textinputframework.dll
0x00007ffbb2f40000 - 0x00007ffbb3032000 	C:\WINDOWS\System32\CoreMessaging.dll
0x00007ffbb2840000 - 0x00007ffbb2b9e000 	C:\WINDOWS\System32\CoreUIComponents.dll
0x00007ffbb4aa0000 - 0x00007ffbb4ad3000 	C:\WINDOWS\SYSTEM32\ntmarta.dll
0x00007ffbb16f0000 - 0x00007ffbb1844000 	C:\WINDOWS\SYSTEM32\wintypes.dll
0x00007ffb97b20000 - 0x00007ffb97b32000 	C:\Program Files\Java\jdk1.8.0_271\jre\bin\prism_common.dll
0x00007ffbb5c10000 - 0x00007ffbb5c3e000 	C:\WINDOWS\SYSTEM32\USERENV.dll
0x00007ffb9ad10000 - 0x00007ffb9ad2c000 	C:\Program Files\Java\jdk1.8.0_271\jre\bin\net.dll
0x00007ffbb5540000 - 0x00007ffbb55aa000 	C:\WINDOWS\system32\mswsock.dll
0x00007ffbb51e0000 - 0x00007ffbb521b000 	C:\WINDOWS\SYSTEM32\IPHLPAPI.DLL
0x00007ffbb6670000 - 0x00007ffbb6678000 	C:\WINDOWS\System32\NSI.dll
0x00007ffbaf730000 - 0x00007ffbaf747000 	C:\WINDOWS\SYSTEM32\dhcpcsvc6.DLL
0x00007ffbb0340000 - 0x00007ffbb035d000 	C:\WINDOWS\SYSTEM32\dhcpcsvc.DLL
0x00007ffbb5230000 - 0x00007ffbb52fb000 	C:\WINDOWS\SYSTEM32\DNSAPI.dll
0x00007ffb9acf0000 - 0x00007ffb9ad03000 	C:\Program Files\Java\jdk1.8.0_271\jre\bin\nio.dll
0x00007ffbb4440000 - 0x00007ffbb4624000 	C:\WINDOWS\SYSTEM32\dbghelp.dll

VM Arguments:
jvm_args: -Dfile.encoding=UTF-8 
java_command: JavaFXApplication.JavaFXApplication
java_class_path (initial): C:\Users\Juan\OneDrive\ENGLISH  0900\java spring semester\Lab8\JavaFXApplication\dist\JavaFXApplication.jar;C:\Program Files\Java\jdk1.8.0_271\jre\lib\javaws.jar;C:\Program Files\Java\jdk1.8.0_271\jre\lib\deploy.jar;C:\Program Files\Java\jdk1.8.0_271\jre\lib\plugin.jar;C:\Users\Juan\OneDrive\ENGLISH  0900\java spring semester\Lab8\commons-lang-2.6.jar;C:\Users\Juan\OneDrive\ENGLISH  0900\java spring semester\Lab8\commons-logging-1.1.1.jar;C:\Users\Juan\OneDrive\ENGLISH  0900\java spring semester\Lab8\hsqldb.jar;C:\Users\Juan\OneDrive\ENGLISH  0900\java spring semester\Lab8\jackcess-2.1.6.jar;C:\Users\Juan\OneDrive\ENGLISH  0900\java spring semester\Lab8\ucanaccess-4.0.0(1).jar;C:\Users\Juan\OneDrive\ENGLISH  0900\java spring semester\Lab8\JavaFXApplication\build\classes
Launcher Type: SUN_STANDARD

Environment Variables:
PATH=C:\Program Files (x86)\Common Files\Oracle\Java\javapath;C:\Program Files\Common Files\Oracle\Java\javapath;C:\Program Files\Java\bin;C:\Program Files\dotnet\;C:\Program Files\Microsoft SQL Server\130\Tools\Binn\;C:\Program Files\Microsoft SQL Server\Client SDK\ODBC\170\Tools\Binn\;C:\Program Files\nodejs\;C:\Users\Juan\AppData\Local\Microsoft\WindowsApps;C:\Program Files\Java\jdk1.8.0_271\bin;C:\Program Files\Java\jdk-14.0.2\bin;C:\Users\Juan\AppData\Local\Programs\Microsoft VS Code\bin;C:\Users\Juan\.dotnet\tools;C:\Users\Juan\AppData\Roaming\npm
USERNAME=Juan
OS=Windows_NT
PROCESSOR_IDENTIFIER=AMD64 Family 23 Model 113 Stepping 0, AuthenticAMD



---------------  S Y S T E M  ---------------

OS: Windows 10.0 , 64 bit Build 19041 (10.0.19041.804)

CPU:total 12 (initial active 12) (12 cores per cpu, 1 threads per core) family 23 model 113 stepping 0, cmov, cx8, fxsr, mmx, sse, sse2, sse3, ssse3, sse4.1, sse4.2, popcnt, avx, avx2, aes, clmul, mmxext, 3dnowpref, lzcnt, sse4a, tsc, tscinvbit, tscinv, bmi1

Memory: 4k page, physical 16720492k(12457248k free), swap 21176940k(14818596k free)

vm_info: Java HotSpot(TM) 64-Bit Server VM (25.271-b09) for windows-amd64 JRE (1.8.0_271-b09), built on Sep 16 2020 19:14:59 by "" with MS VC++ 15.9 (VS2017)

time: Sat Apr  3 15:33:29 2021
timezone: Eastern Daylight Time
elapsed time: 17.881577 seconds (0d 0h 0m 17s)

