#
# A fatal error has been detected by the Java Runtime Environment:
#
#  EXCEPTION_ACCESS_VIOLATION (0xc0000005) at pc=0x00007ffda7786580, pid=3768, tid=0x0000000000003c4c
#
# JRE version: Java(TM) SE Runtime Environment (8.0_271-b09) (build 1.8.0_271-b09)
# Java VM: Java HotSpot(TM) 64-Bit Server VM (25.271-b09 mixed mode windows-amd64 compressed oops)
# Problematic frame:
# C  [glass.dll+0x26580]
#
# Failed to write core dump. Minidumps are not enabled by default on client versions of Windows
#
# If you would like to submit a bug report, please visit:
#   http://bugreport.java.com/bugreport/crash.jsp
#

---------------  T H R E A D  ---------------

Current thread (0x000001f96ca55000):  VMThread [stack: 0x000000dbaa200000,0x000000dbaa300000] [id=15436]

siginfo: ExceptionCode=0xc0000005, reading address 0x0000000000000000

Registers:
RAX=0x0000000000000000, RBX=0x000001f96c866f48, RCX=0x000001f96ca55000, RDX=0x00000000526816b0
RSP=0x000000dbaa2ff410, RBP=0x000001f96f4e2158, RSI=0x000001f96f4e2130, RDI=0x000057e5d44f9faf
R8 =0x0000000000010002, R9 =0x000057e5d44f9faf, R10=0x0000000000008000, R11=0x000000dbaa2ff3b0
R12=0x00007ffda77839e4, R13=0x000001f951dd3780, R14=0x000000dbaa2ff518, R15=0x000001f96f4e2130
RIP=0x00007ffda7786580, EFLAGS=0x0000000000010202

Top of Stack: (sp=0x000000dbaa2ff410)
0x000000dbaa2ff410:   0000000000000000 00007ffdd6c2f05b
0x000000dbaa2ff420:   000001f96f4e2140 000001f96f4e2130
0x000000dbaa2ff430:   fffffffffffffffe 00007ffda77839e4
0x000000dbaa2ff440:   000001f96f4e2138 00007ffdd6c342d6
0x000000dbaa2ff450:   000001f96f4e2140 000001f900000000
0x000000dbaa2ff460:   000001f96f4e2158 000001f96f4e2130
0x000000dbaa2ff470:   fffffffffffffffe 0000000000000000
0x000000dbaa2ff480:   0000000000000001 00007ffda7760000
0x000000dbaa2ff490:   000000dbaa2ff508 00007ffdd6c341fb
0x000000dbaa2ff4a0:   0000000000000000 000000dbaa2ff518
0x000000dbaa2ff4b0:   000000dbaa2ff7d0 00007ffdd6d10e40
0x000000dbaa2ff4c0:   0000000000000000 00007ffdd6c341b4
0x000000dbaa2ff4d0:   0000000000000000 0000000000000001
0x000000dbaa2ff4e0:   0000000000000001 000000dbaa2ff508
0x000000dbaa2ff4f0:   0000000000000000 00007ffda7783872
0x000000dbaa2ff500:   00007ffda779d128 000000db00000002 

Instructions: (pc=0x00007ffda7786580)
0x00007ffda7786560:   40 53 48 83 ec 30 48 c7 44 24 20 fe ff ff ff 48
0x00007ffda7786570:   8b 1d aa 65 01 00 48 85 db 74 16 e8 f0 85 ff ff
0x00007ffda7786580:   4c 8b 00 48 8b d3 48 8b c8 41 ff 90 b0 00 00 00
0x00007ffda7786590:   90 48 83 c4 30 5b c3 cc cc cc cc cc cc cc cc cc 


Register to memory mapping:

RAX=0x0000000000000000 is an unknown value
RBX=0x000001f96c866f48 is a global jni handle
RCX=0x000001f96ca55000 is an unknown value
RDX=0x00000000526816b0 is an unknown value
RSP=0x000000dbaa2ff410 is an unknown value
RBP=0x000001f96f4e2158 is an unknown value
RSI=0x000001f96f4e2130 is an unknown value
RDI=0x000057e5d44f9faf is an unknown value
R8 =0x0000000000010002 is an unknown value
R9 =0x000057e5d44f9faf is an unknown value
R10=0x0000000000008000 is an unknown value
R11=0x000000dbaa2ff3b0 is an unknown value
R12=0x00007ffda77839e4 is an unknown value
R13=0x000001f951dd3780 is an unknown value
R14=0x000000dbaa2ff518 is an unknown value
R15=0x000001f96f4e2130 is an unknown value


Stack: [0x000000dbaa200000,0x000000dbaa300000],  sp=0x000000dbaa2ff410,  free space=1021k
Native frames: (J=compiled Java code, j=interpreted, Vv=VM code, C=native code)
C  [glass.dll+0x26580]
C  [ucrtbase.dll+0x142d6]
C  [ucrtbase.dll+0x141fb]
C  [ucrtbase.dll+0x141b4]
C  [glass.dll+0x23872]
C  [glass.dll+0x23998]
C  [ntdll.dll+0x19a1d]
C  [ntdll.dll+0x5db91]
C  [ntdll.dll+0x5da2d]
C  [KERNEL32.DLL+0x1e0ab]
C  [ucrtbase.dll+0x205bc]
C  [ucrtbase.dll+0x2045f]
V  [jvm.dll+0x21b365]
V  [jvm.dll+0x255ff6]
V  [jvm.dll+0x256557]
V  [jvm.dll+0x254cc5]
V  [jvm.dll+0x25543c]
V  [jvm.dll+0x25574c]
V  [jvm.dll+0x2a2dcc]
C  [ucrtbase.dll+0x21bb2]
C  [KERNEL32.DLL+0x17034]
C  [ntdll.dll+0x52651]

VM_Operation (0x000000dbab0f92a0): Exit, mode: safepoint, requested by thread 0x000001f96f505800


---------------  P R O C E S S  ---------------

Java Threads: ( => current thread )
  0x000001f9772a5000 JavaThread "Prism Font Disposer" daemon [_thread_blocked, id=9296, stack(0x000000dbab700000,0x000000dbab800000)]
  0x000001f96f842000 JavaThread "Thread-3" daemon [_thread_in_native, id=5388, stack(0x000000dbab200000,0x000000dbab300000)]
  0x000001f96f895000 JavaThread "JavaFX-Launcher" [_thread_blocked, id=13068, stack(0x000000dbab300000,0x000000dbab400000)]
  0x000001f96f505800 JavaThread "JavaFX Application Thread" [_thread_blocked, id=5884, stack(0x000000dbab000000,0x000000dbab100000)]
  0x000001f96f4f9000 JavaThread "Thread-1" daemon [_thread_blocked, id=14980, stack(0x000000dbaaf00000,0x000000dbab000000)]
  0x000001f96f3a3000 JavaThread "QuantumRenderer-0" daemon [_thread_blocked, id=12388, stack(0x000000dbaad00000,0x000000dbaae00000)]
  0x000001f96caed800 JavaThread "Service Thread" daemon [_thread_blocked, id=15772, stack(0x000000dbaab00000,0x000000dbaac00000)]
  0x000001f96cace800 JavaThread "C1 CompilerThread3" daemon [_thread_blocked, id=6512, stack(0x000000dbaaa00000,0x000000dbaab00000)]
  0x000001f96cabe000 JavaThread "C2 CompilerThread2" daemon [_thread_blocked, id=8344, stack(0x000000dbaa900000,0x000000dbaaa00000)]
  0x000001f96cab8000 JavaThread "C2 CompilerThread1" daemon [_thread_blocked, id=10520, stack(0x000000dbaa800000,0x000000dbaa900000)]
  0x000001f96cab4800 JavaThread "C2 CompilerThread0" daemon [_thread_blocked, id=9572, stack(0x000000dbaa700000,0x000000dbaa800000)]
  0x000001f96caae800 JavaThread "Attach Listener" daemon [_thread_blocked, id=7728, stack(0x000000dbaa600000,0x000000dbaa700000)]
  0x000001f96caad800 JavaThread "Signal Dispatcher" daemon [_thread_blocked, id=2288, stack(0x000000dbaa500000,0x000000dbaa600000)]
  0x000001f96ca8a000 JavaThread "Finalizer" daemon [_thread_blocked, id=15280, stack(0x000000dbaa400000,0x000000dbaa500000)]
  0x000001f96ca7f800 JavaThread "Reference Handler" daemon [_thread_blocked, id=624, stack(0x000000dbaa300000,0x000000dbaa400000)]
  0x000001f951d20800 JavaThread "main" [_thread_blocked, id=6244, stack(0x000000dba9700000,0x000000dba9800000)]

Other Threads:
=>0x000001f96ca55000 VMThread [stack: 0x000000dbaa200000,0x000000dbaa300000] [id=15436]

VM state:at safepoint (shutting down)

VM Mutex/Monitor currently owned by a thread:  ([mutex/lock_event])
[0x000001f951d14c10] Threads_lock - owner thread: 0x000001f96ca55000

heap address: 0x00000006c0c00000, size: 4084 MB, Compressed Oops mode: Zero based, Oop shift amount: 3
Narrow klass base: 0x0000000000000000, Narrow klass shift: 3
Compressed class space size: 1073741824 Address: 0x00000007c0000000

Heap:
 PSYoungGen      total 76288K, used 40285K [0x000000076af00000, 0x0000000770400000, 0x00000007c0000000)
  eden space 65536K, 61% used [0x000000076af00000,0x000000076d6575c8,0x000000076ef00000)
  from space 10752K, 0% used [0x000000076f980000,0x000000076f980000,0x0000000770400000)
  to   space 10752K, 0% used [0x000000076ef00000,0x000000076ef00000,0x000000076f980000)
 ParOldGen       total 175104K, used 0K [0x00000006c0c00000, 0x00000006cb700000, 0x000000076af00000)
  object space 175104K, 0% used [0x00000006c0c00000,0x00000006c0c00000,0x00000006cb700000)
 Metaspace       used 15165K, capacity 15804K, committed 15872K, reserved 1062912K
  class space    used 2121K, capacity 2281K, committed 2304K, reserved 1048576K

Card table byte_map: [0x000001f962aa0000,0x000001f9632a0000] byte_map_base: 0x000001f95f49a000

Marking Bits: (ParMarkBitMap*) 0x0000000052877fe0
 Begin Bits: [0x000001f963800000, 0x000001f9677d0000)
 End Bits:   [0x000001f9677d0000, 0x000001f96b7a0000)

Polling page: 0x000001f951e60000

CodeCache: size=245760Kb used=6885Kb max_used=6896Kb free=238874Kb
 bounds [0x000001f9536e0000, 0x000001f953da0000, 0x000001f9626e0000]
 total_blobs=2726 nmethods=2084 adapters=555
 compilation: enabled

Compilation events (10 events):
Event: 13.396 Thread 0x000001f96cace800 nmethod 2081 0x000001f953d95490 code [0x000001f953d95680, 0x000001f953d96000]
Event: 13.396 Thread 0x000001f96cace800 2082       3       com.sun.javafx.util.Utils::deriveColor (327 bytes)
Event: 13.396 Thread 0x000001f96cace800 nmethod 2082 0x000001f953d93810 code [0x000001f953d93b80, 0x000001f953d94df0]
Event: 13.396 Thread 0x000001f96cace800 2083       3       com.sun.javafx.util.Utils::RGBtoHSB (227 bytes)
Event: 13.396 Thread 0x000001f96cace800 nmethod 2083 0x000001f953d92f10 code [0x000001f953d930e0, 0x000001f953d93718]
Event: 13.396 Thread 0x000001f96cace800 2084       3       com.sun.javafx.css.Size::pixels (7 bytes)
Event: 13.396 Thread 0x000001f96cace800 nmethod 2084 0x000001f953d92950 code [0x000001f953d92ae0, 0x000001f953d92df0]
Event: 13.405 Thread 0x000001f96cab8000 nmethod 2079 0x000001f953d9d790 code [0x000001f953d9d960, 0x000001f953d9e2c8]
Event: 13.496 Thread 0x000001f96cace800 2085       3       java.lang.invoke.DirectMethodHandle::shouldBeInitialized (123 bytes)
Event: 13.496 Thread 0x000001f96cace800 nmethod 2085 0x000001f953d9cd10 code [0x000001f953d9cee0, 0x000001f953d9d630]

GC Heap History (0 events):
No events

Deoptimization events (10 events):
Event: 0.497 Thread 0x000001f96f505800 Uncommon trap: reason=unstable_if action=reinterpret pc=0x000001f9539efffc method=java.lang.String.regionMatches(ZILjava/lang/String;II)Z @ 123
Event: 0.508 Thread 0x000001f96f505800 Uncommon trap: reason=class_check action=maybe_recompile pc=0x000001f953807050 method=java.lang.String.equals(Ljava/lang/Object;)Z @ 8
Event: 0.552 Thread 0x000001f96f505800 Uncommon trap: reason=unstable_if action=reinterpret pc=0x000001f9539b5900 method=sun.net.www.ParseUtil.encodePath(Ljava/lang/String;Z)Ljava/lang/String; @ 109
Event: 0.569 Thread 0x000001f96f505800 Uncommon trap: reason=unstable_if action=reinterpret pc=0x000001f953a512bc method=sun.misc.URLClassPath$JarLoader.ensureOpen()V @ 4
Event: 0.597 Thread 0x000001f96f505800 Uncommon trap: reason=unstable_if action=reinterpret pc=0x000001f953a3c818 method=jdk.internal.org.objectweb.asm.Type.getArgumentsAndReturnSizes(Ljava/lang/String;)I @ 47
Event: 11.552 Thread 0x000001f96f505800 Uncommon trap: reason=unstable_if action=reinterpret pc=0x000001f953cf7724 method=java.lang.StrictMath.floorOrCeil(DDDD)D @ 38
Event: 11.552 Thread 0x000001f96f505800 Uncommon trap: reason=class_check action=maybe_recompile pc=0x000001f953d12ec4 method=javafx.scene.Node.updateLocalToParentTransform()V @ 11
Event: 11.564 Thread 0x000001f96f505800 Uncommon trap: reason=class_check action=maybe_recompile pc=0x000001f953d12ec4 method=javafx.scene.Node.updateLocalToParentTransform()V @ 11
Event: 11.564 Thread 0x000001f96f505800 Uncommon trap: reason=class_check action=maybe_recompile pc=0x000001f953d12ec4 method=javafx.scene.Node.updateLocalToParentTransform()V @ 11
Event: 11.564 Thread 0x000001f96f505800 Uncommon trap: reason=class_check action=maybe_recompile pc=0x000001f953d12ec4 method=javafx.scene.Node.updateLocalToParentTransform()V @ 11

Classes redefined (0 events):
No events

Internal exceptions (10 events):
Event: 0.101 Thread 0x000001f951d20800 Exception <a 'java/security/PrivilegedActionException'> (0x000000076b28f520) thrown at [C:\jenkins\workspace\8-2-build-windows-amd64-cygwin\jdk8u271\605\hotspot\src\share\vm\prims\jvm.cpp, line 1512]
Event: 0.101 Thread 0x000001f951d20800 Exception <a 'java/security/PrivilegedActionException'> (0x000000076b28f730) thrown at [C:\jenkins\workspace\8-2-build-windows-amd64-cygwin\jdk8u271\605\hotspot\src\share\vm\prims\jvm.cpp, line 1512]
Event: 0.101 Thread 0x000001f951d20800 Exception <a 'java/security/PrivilegedActionException'> (0x000000076b293640) thrown at [C:\jenkins\workspace\8-2-build-windows-amd64-cygwin\jdk8u271\605\hotspot\src\share\vm\prims\jvm.cpp, line 1512]
Event: 0.101 Thread 0x000001f951d20800 Exception <a 'java/security/PrivilegedActionException'> (0x000000076b293850) thrown at [C:\jenkins\workspace\8-2-build-windows-amd64-cygwin\jdk8u271\605\hotspot\src\share\vm\prims\jvm.cpp, line 1512]
Event: 0.101 Thread 0x000001f951d20800 Exception <a 'java/lang/NullPointerException'> (0x000000076b294198) thrown at [C:\jenkins\workspace\8-2-build-windows-amd64-cygwin\jdk8u271\605\hotspot\src\share\vm\interpreter\linkResolver.cpp, line 1185]
Event: 0.319 Thread 0x000001f96f505800 Exception <a 'java/lang/NullPointerException'> (0x000000076bc3add8) thrown at [C:\jenkins\workspace\8-2-build-windows-amd64-cygwin\jdk8u271\605\hotspot\src\share\vm\interpreter\linkResolver.cpp, line 1185]
Event: 0.319 Thread 0x000001f96f505800 Exception <a 'java/lang/NullPointerException'> (0x000000076bc3add8) thrown at [C:\jenkins\workspace\8-2-build-windows-amd64-cygwin\jdk8u271\605\hotspot\src\share\vm\prims\jvm.cpp, line 1516]
Event: 0.400 Thread 0x000001f96f505800 Implicit null exception at 0x000001f95396e7b5 to 0x000001f95396e9a5
Event: 0.569 Thread 0x000001f96f505800 Implicit null exception at 0x000001f953a4fcc6 to 0x000001f953a512b1
Event: 13.499 Thread 0x000001f977245800 Exception <a 'java/lang/IllegalStateException'> (0x000000076d515f38) thrown at [C:\jenkins\workspace\8-2-build-windows-amd64-cygwin\jdk8u271\605\hotspot\src\share\vm\prims\jvm.cpp, line 1516]

Events (10 events):
Event: 13.498 loading class java/util/HashMap$KeyIterator
Event: 13.499 loading class java/util/HashMap$KeyIterator done
Event: 13.499 loading class com/sun/javafx/tk/quantum/QuantumToolkit
Event: 13.499 loading class com/sun/javafx/tk/quantum/QuantumToolkit done
Event: 13.499 loading class java/util/LinkedList$ListItr
Event: 13.499 loading class java/util/LinkedList$ListItr done
Event: 13.499 Thread 0x000001f977245800 Thread exited: 0x000001f977245800
Event: 13.499 Executing VM operation: Exit
Event: 13.499 loading class com/sun/prism/ResourceFactoryListener
Event: 13.499 loading class com/sun/prism/ResourceFactoryListener done


Dynamic libraries:
0x00007ff6eea20000 - 0x00007ff6eea67000 	C:\Program Files\Java\jdk1.8.0_271\jre\bin\java.exe
0x00007ffdd90f0000 - 0x00007ffdd92e5000 	C:\WINDOWS\SYSTEM32\ntdll.dll
0x00007ffdd8350000 - 0x00007ffdd840d000 	C:\WINDOWS\System32\KERNEL32.DLL
0x00007ffdd6dd0000 - 0x00007ffdd7099000 	C:\WINDOWS\System32\KERNELBASE.dll
0x00007ffdd7c90000 - 0x00007ffdd7d3c000 	C:\WINDOWS\System32\ADVAPI32.dll
0x00007ffdd7160000 - 0x00007ffdd71fe000 	C:\WINDOWS\System32\msvcrt.dll
0x00007ffdd76d0000 - 0x00007ffdd776c000 	C:\WINDOWS\System32\sechost.dll
0x00007ffdd85f0000 - 0x00007ffdd871b000 	C:\WINDOWS\System32\RPCRT4.dll
0x00007ffdd73b0000 - 0x00007ffdd7550000 	C:\WINDOWS\System32\USER32.dll
0x00007ffdd6830000 - 0x00007ffdd6852000 	C:\WINDOWS\System32\win32u.dll
0x00007ffdd75b0000 - 0x00007ffdd75da000 	C:\WINDOWS\System32\GDI32.dll
0x00007ffdd69c0000 - 0x00007ffdd6acb000 	C:\WINDOWS\System32\gdi32full.dll
0x00007ffdd6b80000 - 0x00007ffdd6c1d000 	C:\WINDOWS\System32\msvcp_win.dll
0x00007ffdd6c20000 - 0x00007ffdd6d20000 	C:\WINDOWS\System32\ucrtbase.dll
0x00007ffdc9f30000 - 0x00007ffdca1ca000 	C:\WINDOWS\WinSxS\amd64_microsoft.windows.common-controls_6595b64144ccf1df_6.0.19041.844_none_ca00b6081b84eb1d\COMCTL32.dll
0x00007ffdd7c60000 - 0x00007ffdd7c90000 	C:\WINDOWS\System32\IMM32.DLL
0x00007ffdd1a20000 - 0x00007ffdd1a35000 	C:\Program Files\Java\jdk1.8.0_271\jre\bin\vcruntime140.dll
0x00007ffd95410000 - 0x00007ffd954ab000 	C:\Program Files\Java\jdk1.8.0_271\jre\bin\msvcp140.dll
0x0000000052080000 - 0x00000000528ef000 	C:\Program Files\Java\jdk1.8.0_271\jre\bin\server\jvm.dll
0x00007ffdd7150000 - 0x00007ffdd7158000 	C:\WINDOWS\System32\PSAPI.DLL
0x00007ffdb24d0000 - 0x00007ffdb24d9000 	C:\WINDOWS\SYSTEM32\WSOCK32.dll
0x00007ffdcf5c0000 - 0x00007ffdcf5ca000 	C:\WINDOWS\SYSTEM32\VERSION.dll
0x00007ffdd75e0000 - 0x00007ffdd764b000 	C:\WINDOWS\System32\WS2_32.dll
0x00007ffdcbfa0000 - 0x00007ffdcbfc7000 	C:\WINDOWS\SYSTEM32\WINMM.dll
0x00007ffdd5130000 - 0x00007ffdd5142000 	C:\WINDOWS\SYSTEM32\kernel.appcore.dll
0x00007ffdd1a10000 - 0x00007ffdd1a20000 	C:\Program Files\Java\jdk1.8.0_271\jre\bin\verify.dll
0x00007ffda0320000 - 0x00007ffda034b000 	C:\Program Files\Java\jdk1.8.0_271\jre\bin\java.dll
0x00007ffda5160000 - 0x00007ffda5178000 	C:\Program Files\Java\jdk1.8.0_271\jre\bin\zip.dll
0x00007ffdd8960000 - 0x00007ffdd90a2000 	C:\WINDOWS\System32\SHELL32.dll
0x00007ffdd46c0000 - 0x00007ffdd4e50000 	C:\WINDOWS\SYSTEM32\windows.storage.dll
0x00007ffdd7900000 - 0x00007ffdd7c55000 	C:\WINDOWS\System32\combase.dll
0x00007ffdd62a0000 - 0x00007ffdd62cc000 	C:\WINDOWS\SYSTEM32\Wldp.dll
0x00007ffdd8540000 - 0x00007ffdd85ee000 	C:\WINDOWS\System32\SHCORE.dll
0x00007ffdd7770000 - 0x00007ffdd77c5000 	C:\WINDOWS\System32\shlwapi.dll
0x00007ffdd6770000 - 0x00007ffdd678f000 	C:\WINDOWS\SYSTEM32\profapi.dll
0x000001f951ea0000 - 0x000001f951ea3000 	C:\Program Files\Java\jdk1.8.0_271\jre\bin\api-ms-win-core-console-l1-1-0.dll
0x000001f951eb0000 - 0x000001f951eb3000 	C:\Program Files\Java\jdk1.8.0_271\jre\bin\api-ms-win-core-console-l1-2-0.dll
0x000001f96fb20000 - 0x000001f96fb23000 	C:\Program Files\Java\jdk1.8.0_271\jre\bin\api-ms-win-core-datetime-l1-1-0.dll
0x000001f96fb30000 - 0x000001f96fb33000 	C:\Program Files\Java\jdk1.8.0_271\jre\bin\api-ms-win-core-debug-l1-1-0.dll
0x000001f96fb40000 - 0x000001f96fb43000 	C:\Program Files\Java\jdk1.8.0_271\jre\bin\api-ms-win-core-errorhandling-l1-1-0.dll
0x000001f96fb50000 - 0x000001f96fb54000 	C:\Program Files\Java\jdk1.8.0_271\jre\bin\api-ms-win-core-file-l1-1-0.dll
0x000001f96fb60000 - 0x000001f96fb63000 	C:\Program Files\Java\jdk1.8.0_271\jre\bin\api-ms-win-core-file-l1-2-0.dll
0x000001f96fb70000 - 0x000001f96fb73000 	C:\Program Files\Java\jdk1.8.0_271\jre\bin\api-ms-win-core-file-l2-1-0.dll
0x000001f96fb80000 - 0x000001f96fb83000 	C:\Program Files\Java\jdk1.8.0_271\jre\bin\api-ms-win-core-handle-l1-1-0.dll
0x000001f96fb90000 - 0x000001f96fb93000 	C:\Program Files\Java\jdk1.8.0_271\jre\bin\api-ms-win-core-heap-l1-1-0.dll
0x000001f96fba0000 - 0x000001f96fba3000 	C:\Program Files\Java\jdk1.8.0_271\jre\bin\api-ms-win-core-interlocked-l1-1-0.dll
0x000001f96fbb0000 - 0x000001f96fbb3000 	C:\Program Files\Java\jdk1.8.0_271\jre\bin\api-ms-win-core-libraryloader-l1-1-0.dll
0x000001f96fbc0000 - 0x000001f96fbc3000 	C:\Program Files\Java\jdk1.8.0_271\jre\bin\api-ms-win-core-localization-l1-2-0.dll
0x000001f96fbd0000 - 0x000001f96fbd3000 	C:\Program Files\Java\jdk1.8.0_271\jre\bin\api-ms-win-core-memory-l1-1-0.dll
0x000001f96fbe0000 - 0x000001f96fbe3000 	C:\Program Files\Java\jdk1.8.0_271\jre\bin\api-ms-win-core-namedpipe-l1-1-0.dll
0x000001f96fbf0000 - 0x000001f96fbf3000 	C:\Program Files\Java\jdk1.8.0_271\jre\bin\api-ms-win-core-processenvironment-l1-1-0.dll
0x000001f96fc00000 - 0x000001f96fc03000 	C:\Program Files\Java\jdk1.8.0_271\jre\bin\api-ms-win-core-processthreads-l1-1-0.dll
0x000001f96fc10000 - 0x000001f96fc13000 	C:\Program Files\Java\jdk1.8.0_271\jre\bin\api-ms-win-core-processthreads-l1-1-1.dll
0x000001f96fc20000 - 0x000001f96fc23000 	C:\Program Files\Java\jdk1.8.0_271\jre\bin\api-ms-win-core-profile-l1-1-0.dll
0x000001f96fc30000 - 0x000001f96fc33000 	C:\Program Files\Java\jdk1.8.0_271\jre\bin\api-ms-win-core-rtlsupport-l1-1-0.dll
0x000001f96fc40000 - 0x000001f96fc43000 	C:\Program Files\Java\jdk1.8.0_271\jre\bin\api-ms-win-core-string-l1-1-0.dll
0x000001f96fc50000 - 0x000001f96fc53000 	C:\Program Files\Java\jdk1.8.0_271\jre\bin\api-ms-win-core-synch-l1-1-0.dll
0x000001f96fc60000 - 0x000001f96fc63000 	C:\Program Files\Java\jdk1.8.0_271\jre\bin\api-ms-win-core-synch-l1-2-0.dll
0x000001f96fc70000 - 0x000001f96fc73000 	C:\Program Files\Java\jdk1.8.0_271\jre\bin\api-ms-win-core-sysinfo-l1-1-0.dll
0x000001f96fc80000 - 0x000001f96fc83000 	C:\Program Files\Java\jdk1.8.0_271\jre\bin\api-ms-win-core-timezone-l1-1-0.dll
0x000001f96fc90000 - 0x000001f96fc93000 	C:\Program Files\Java\jdk1.8.0_271\jre\bin\api-ms-win-core-util-l1-1-0.dll
0x000001f96fca0000 - 0x000001f96fca3000 	C:\Program Files\Java\jdk1.8.0_271\jre\bin\api-ms-win-crt-conio-l1-1-0.dll
0x000001f96fcb0000 - 0x000001f96fcb4000 	C:\Program Files\Java\jdk1.8.0_271\jre\bin\api-ms-win-crt-convert-l1-1-0.dll
0x000001f96fcc0000 - 0x000001f96fcc3000 	C:\Program Files\Java\jdk1.8.0_271\jre\bin\api-ms-win-crt-environment-l1-1-0.dll
0x000001f96fcd0000 - 0x000001f96fcd3000 	C:\Program Files\Java\jdk1.8.0_271\jre\bin\api-ms-win-crt-filesystem-l1-1-0.dll
0x000001f96fce0000 - 0x000001f96fce3000 	C:\Program Files\Java\jdk1.8.0_271\jre\bin\api-ms-win-crt-heap-l1-1-0.dll
0x000001f96fcf0000 - 0x000001f96fcf3000 	C:\Program Files\Java\jdk1.8.0_271\jre\bin\api-ms-win-crt-locale-l1-1-0.dll
0x000001f96fd00000 - 0x000001f96fd05000 	C:\Program Files\Java\jdk1.8.0_271\jre\bin\api-ms-win-crt-math-l1-1-0.dll
0x000001f96fd10000 - 0x000001f96fd15000 	C:\Program Files\Java\jdk1.8.0_271\jre\bin\api-ms-win-crt-multibyte-l1-1-0.dll
0x000001f96fd20000 - 0x000001f96fd30000 	C:\Program Files\Java\jdk1.8.0_271\jre\bin\api-ms-win-crt-private-l1-1-0.dll
0x000001f96fd30000 - 0x000001f96fd33000 	C:\Program Files\Java\jdk1.8.0_271\jre\bin\api-ms-win-crt-process-l1-1-0.dll
0x000001f96fd40000 - 0x000001f96fd44000 	C:\Program Files\Java\jdk1.8.0_271\jre\bin\api-ms-win-crt-runtime-l1-1-0.dll
0x000001f96fd50000 - 0x000001f96fd54000 	C:\Program Files\Java\jdk1.8.0_271\jre\bin\api-ms-win-crt-stdio-l1-1-0.dll
0x000001f96fd60000 - 0x000001f96fd64000 	C:\Program Files\Java\jdk1.8.0_271\jre\bin\api-ms-win-crt-string-l1-1-0.dll
0x000001f96fd70000 - 0x000001f96fd73000 	C:\Program Files\Java\jdk1.8.0_271\jre\bin\api-ms-win-crt-time-l1-1-0.dll
0x000001f96fd80000 - 0x000001f96fd83000 	C:\Program Files\Java\jdk1.8.0_271\jre\bin\api-ms-win-crt-utility-l1-1-0.dll
0x00007ffd86f10000 - 0x00007ffd8700a000 	C:\Program Files\Java\jdk1.8.0_271\jre\bin\ucrtbase.dll
0x00007ffdcf6c0000 - 0x00007ffdcf6cc000 	C:\Windows\System32\vcruntime140_1.dll
0x00007ffdb17f0000 - 0x00007ffdb1813000 	C:\Program Files\Java\jdk1.8.0_271\jre\bin\prism_d3d.dll
0x00007ffdc92c0000 - 0x00007ffdc948f000 	C:\WINDOWS\system32\d3d9.dll
0x00007ffdd4050000 - 0x00007ffdd407f000 	C:\WINDOWS\SYSTEM32\dwmapi.dll
0x00007ffdd3eb0000 - 0x00007ffdd3f4e000 	C:\WINDOWS\system32\uxtheme.dll
0x00007ffdcc540000 - 0x00007ffdcc642000 	C:\WINDOWS\System32\DriverStore\FileRepository\nv_dispi.inf_amd64_1c83a5d7cffd7bff\nvldumdx.dll
0x00007ffdd6420000 - 0x00007ffdd6432000 	C:\WINDOWS\SYSTEM32\msasn1.dll
0x00007ffdcf300000 - 0x00007ffdcf331000 	C:\WINDOWS\SYSTEM32\cryptnet.dll
0x00007ffdd6860000 - 0x00007ffdd69bf000 	C:\WINDOWS\System32\CRYPT32.dll
0x00007ffdd6210000 - 0x00007ffdd621c000 	C:\WINDOWS\SYSTEM32\cryptbase.dll
0x00007ffdd6d20000 - 0x00007ffdd6d80000 	C:\WINDOWS\System32\WINTRUST.DLL
0x00007ffdd72e0000 - 0x00007ffdd72fd000 	C:\WINDOWS\System32\imagehlp.dll
0x00007ffdd61f0000 - 0x00007ffdd6208000 	C:\WINDOWS\SYSTEM32\CRYPTSP.dll
0x00007ffdd5950000 - 0x00007ffdd5984000 	C:\WINDOWS\system32\rsaenh.dll
0x00007ffdd70a0000 - 0x00007ffdd70c7000 	C:\WINDOWS\System32\bcrypt.dll
0x00007ffdd70d0000 - 0x00007ffdd7150000 	C:\WINDOWS\System32\bcryptPrimitives.dll
0x00007ffd95d20000 - 0x00007ffd9773b000 	C:\WINDOWS\System32\DriverStore\FileRepository\nv_dispi.inf_amd64_1c83a5d7cffd7bff\nvd3dumx.dll
0x00007ffda7760000 - 0x00007ffda77a5000 	C:\Program Files\Java\jdk1.8.0_271\jre\bin\glass.dll
0x00007ffdd7200000 - 0x00007ffdd72da000 	C:\WINDOWS\System32\COMDLG32.dll
0x00007ffdd8410000 - 0x00007ffdd853a000 	C:\WINDOWS\System32\ole32.dll
0x00007ffdd77d0000 - 0x00007ffdd789d000 	C:\WINDOWS\System32\OLEAUT32.dll
0x00007ffdd81c0000 - 0x00007ffdd82d5000 	C:\WINDOWS\System32\MSCTF.dll
0x00007ffdd5150000 - 0x00007ffdd5173000 	C:\WINDOWS\SYSTEM32\gpapi.dll
0x00007ffdd0e10000 - 0x00007ffdd0e4b000 	C:\WINDOWS\SYSTEM32\dxcore.dll
0x00007ffdd6d80000 - 0x00007ffdd6dce000 	C:\WINDOWS\System32\cfgmgr32.dll
0x00007ffdb0690000 - 0x00007ffdb06a4000 	C:\Program Files\Java\jdk1.8.0_271\jre\bin\javafx_font.dll
0x00007ffdbabf0000 - 0x00007ffdbae6f000 	C:\WINDOWS\SYSTEM32\dwrite.dll
0x00007ffdd7300000 - 0x00007ffdd73a9000 	C:\WINDOWS\System32\clbcatq.dll
0x00007ffdcef20000 - 0x00007ffdcf0d4000 	C:\WINDOWS\SYSTEM32\WindowsCodecs.dll
0x00007ffdb44d0000 - 0x00007ffdb450e000 	C:\WINDOWS\system32\dataexchange.dll
0x00007ffdd2c10000 - 0x00007ffdd2e74000 	C:\WINDOWS\system32\d3d11.dll
0x00007ffdd2ff0000 - 0x00007ffdd31d7000 	C:\WINDOWS\system32\dcomp.dll
0x00007ffdd5180000 - 0x00007ffdd5273000 	C:\WINDOWS\system32\dxgi.dll
0x00007ffdcf3b0000 - 0x00007ffdcf5b1000 	C:\WINDOWS\system32\twinapi.appcore.dll
0x00007ffd88910000 - 0x00007ffd88944000 	C:\Program Files\Common Files\Microsoft Shared\Ink\rtscom.dll
0x00007ffdb8f40000 - 0x00007ffdb903b000 	C:\WINDOWS\SYSTEM32\textinputframework.dll
0x00007ffdd31e0000 - 0x00007ffdd353e000 	C:\WINDOWS\System32\CoreUIComponents.dll
0x00007ffdd38c0000 - 0x00007ffdd39b2000 	C:\WINDOWS\System32\CoreMessaging.dll
0x00007ffdd2070000 - 0x00007ffdd21c4000 	C:\WINDOWS\SYSTEM32\wintypes.dll
0x00007ffdd5580000 - 0x00007ffdd55b3000 	C:\WINDOWS\SYSTEM32\ntmarta.dll
0x00007ffd888f0000 - 0x00007ffd88902000 	C:\Program Files\Java\jdk1.8.0_271\jre\bin\prism_common.dll
0x00007ffdd4f20000 - 0x00007ffdd5104000 	C:\WINDOWS\SYSTEM32\dbghelp.dll

VM Arguments:
jvm_args: -Dfile.encoding=UTF-8 
java_command: JavaFXApplication.JavaFXApplication
java_class_path (initial): C:\Users\Juan\OneDrive\ENGLISH  0900\java spring semester\Lab8\JavaFXApplication\dist\JavaFXApplication.jar;C:\Program Files\Java\jdk1.8.0_271\jre\lib\javaws.jar;C:\Program Files\Java\jdk1.8.0_271\jre\lib\deploy.jar;C:\Program Files\Java\jdk1.8.0_271\jre\lib\plugin.jar;C:\Users\Juan\OneDrive\ENGLISH  0900\java spring semester\Lab8\commons-lang-2.6.jar;C:\Users\Juan\OneDrive\ENGLISH  0900\java spring semester\Lab8\commons-logging-1.1.1.jar;C:\Users\Juan\OneDrive\ENGLISH  0900\java spring semester\Lab8\hsqldb.jar;C:\Users\Juan\OneDrive\ENGLISH  0900\java spring semester\Lab8\jackcess-2.1.6.jar;C:\Users\Juan\OneDrive\ENGLISH  0900\java spring semester\Lab8\ucanaccess-4.0.0(1).jar;C:\Users\Juan\OneDrive\ENGLISH  0900\java spring semester\Lab8\JavaFXApplication\build\classes
Launcher Type: SUN_STANDARD

Environment Variables:
PATH=C:\Program Files (x86)\Common Files\Oracle\Java\javapath;C:\Program Files\Common Files\Oracle\Java\javapath;C:\Program Files\Java\bin;C:\Program Files\dotnet\;C:\Program Files\Microsoft SQL Server\130\Tools\Binn\;C:\Program Files\Microsoft SQL Server\Client SDK\ODBC\170\Tools\Binn\;C:\Program Files\nodejs\;C:\Users\Juan\AppData\Local\Microsoft\WindowsApps;C:\Program Files\Java\jdk1.8.0_271\bin;C:\Program Files\Java\jdk-14.0.2\bin;C:\Users\Juan\AppData\Local\Programs\Microsoft VS Code\bin;C:\Users\Juan\.dotnet\tools;C:\Users\Juan\AppData\Roaming\npm
USERNAME=Juan
OS=Windows_NT
PROCESSOR_IDENTIFIER=AMD64 Family 23 Model 113 Stepping 0, AuthenticAMD



---------------  S Y S T E M  ---------------

OS: Windows 10.0 , 64 bit Build 19041 (10.0.19041.804)

CPU:total 12 (initial active 12) (12 cores per cpu, 1 threads per core) family 23 model 113 stepping 0, cmov, cx8, fxsr, mmx, sse, sse2, sse3, ssse3, sse4.1, sse4.2, popcnt, avx, avx2, aes, clmul, mmxext, 3dnowpref, lzcnt, sse4a, tsc, tscinvbit, tscinv, bmi1

Memory: 4k page, physical 16720492k(10862224k free), swap 20390508k(11440572k free)

vm_info: Java HotSpot(TM) 64-Bit Server VM (25.271-b09) for windows-amd64 JRE (1.8.0_271-b09), built on Sep 16 2020 19:14:59 by "" with MS VC++ 15.9 (VS2017)

time: Wed Mar 31 12:34:54 2021
timezone: Eastern Daylight Time
elapsed time: 13.848925 seconds (0d 0h 0m 13s)

